{"level":"error","message":"Loading mods: Error: ENOENT: no such file or directory, scandir 'C:\\Users\\flomu\\dbs\\BotFiles\\mods'","service":"user-service"}
{"level":"error","message":"Bot login: Error [TOKEN_INVALID]: An invalid token was provided.","service":"user-service"}
{"level":"error","message":"Loading mods: Error: ENOENT: no such file or directory, scandir 'C:\\Users\\flomu\\dbs\\BotFiles\\mods'","service":"user-service"}
{"level":"error","message":"Loading mods: Error: ENOENT: no such file or directory, scandir 'C:\\Users\\flomu\\dbs\\BotFiles\\mods'","service":"user-service"}
{"level":"error","message":"Loading mods: Error: ENOENT: no such file or directory, scandir 'D:\\SalltexDiscordBOT\\BotFiles\\mods'","service":"user-service"}
{"level":"error","message":"Call next action: [help] TypeError: Cannot read property 'type' of undefined\n    at Object.DBS.callNextAction (D:\\SalltexDiscordBOT\\BotFiles\\bot.js:127:20)\n    at Object.module.exports.Message_Handle (D:\\SalltexDiscordBOT\\BotFiles\\Handlers\\Message.js:33:9)\n    at processTicksAndRejections (internal/process/task_queues.js:93:5)","service":"user-service"}
{"level":"error","message":"Loading mods: Error: ENOENT: no such file or directory, scandir 'D:\\SalltexDiscordBOT\\BotFiles\\mods'","service":"user-service"}
{"level":"error","message":"Call next action: [twitch] TypeError: Cannot read property 'type' of undefined\n    at Object.DBS.callNextAction (D:\\SalltexDiscordBOT\\BotFiles\\bot.js:127:20)\n    at Object.module.exports.Message_Handle (D:\\SalltexDiscordBOT\\BotFiles\\Handlers\\Message.js:33:9)","service":"user-service"}
{"level":"error","message":"Loading mods: Error: ENOENT: no such file or directory, scandir 'D:\\SalltexDiscordBOT\\BotFiles\\mods'","service":"user-service"}
{"level":"error","message":"Call next action: [twitch] TypeError: Cannot read property 'type' of undefined\n    at Object.DBS.callNextAction (D:\\SalltexDiscordBOT\\BotFiles\\bot.js:127:20)\n    at Object.module.exports.Message_Handle (D:\\SalltexDiscordBOT\\BotFiles\\Handlers\\Message.js:33:9)\n    at processTicksAndRejections (internal/process/task_queues.js:93:5)","service":"user-service"}
{"level":"error","message":"Call next action: [twitch] TypeError: Cannot read property 'type' of undefined\n    at Object.DBS.callNextAction (D:\\SalltexDiscordBOT\\BotFiles\\bot.js:127:20)\n    at Object.module.exports.Message_Handle (D:\\SalltexDiscordBOT\\BotFiles\\Handlers\\Message.js:33:9)\n    at processTicksAndRejections (internal/process/task_queues.js:93:5)","service":"user-service"}
{"level":"error","message":"Loading mods: Error: ENOENT: no such file or directory, scandir 'D:\\SalltexDiscordBOT\\BotFiles\\mods'","service":"user-service"}
{"level":"error","message":"Loading mods: Error: ENOENT: no such file or directory, scandir 'D:\\SalltexDiscordBOT\\BotFiles\\mods'","service":"user-service"}
{"level":"error","message":"Call next action: [twitch] TypeError: Cannot read property 'type' of undefined\n    at Object.DBS.callNextAction (D:\\SalltexDiscordBOT\\BotFiles\\bot.js:127:20)\n    at Object.module.exports.Message_Handle (D:\\SalltexDiscordBOT\\BotFiles\\Handlers\\Message.js:33:9)\n    at processTicksAndRejections (internal/process/task_queues.js:93:5)","service":"user-service"}
{"level":"error","message":"Loading mods: Error: ENOENT: no such file or directory, scandir 'D:\\SalltexDiscordBOT\\BotFiles\\mods'","service":"user-service"}
{"level":"error","message":"Call next action: [yt] TypeError: Cannot read property 'type' of undefined\n    at Object.DBS.callNextAction (D:\\SalltexDiscordBOT\\BotFiles\\bot.js:127:20)\n    at Object.module.exports.Message_Handle (D:\\SalltexDiscordBOT\\BotFiles\\Handlers\\Message.js:33:9)\n    at processTicksAndRejections (internal/process/task_queues.js:93:5)","service":"user-service"}
{"level":"error","message":"Loading mods: Error: ENOENT: no such file or directory, scandir 'D:\\SalltexDiscordBOT\\BotFiles\\mods'","service":"user-service"}
{"level":"error","message":"Loading mods: Error: ENOENT: no such file or directory, scandir 'D:\\SalltexDiscordBOT\\BotFiles\\mods'","service":"user-service"}
{"level":"error","message":"Call next action: [lol] TypeError: Cannot read property 'type' of undefined\n    at Object.DBS.callNextAction (D:\\SalltexDiscordBOT\\BotFiles\\bot.js:127:20)\n    at Object.module.exports.Message_Handle (D:\\SalltexDiscordBOT\\BotFiles\\Handlers\\Message.js:33:9)","service":"user-service"}
{"level":"error","message":"Call next action: [ol] TypeError: Cannot read property 'type' of undefined\n    at Object.DBS.callNextAction (D:\\SalltexDiscordBOT\\BotFiles\\bot.js:127:20)\n    at Object.module.exports.Message_Handle (D:\\SalltexDiscordBOT\\BotFiles\\Handlers\\Message.js:33:9)","service":"user-service"}
{"level":"error","message":"Call next action: [l] TypeError: Cannot read property 'type' of undefined\n    at Object.DBS.callNextAction (D:\\SalltexDiscordBOT\\BotFiles\\bot.js:127:20)\n    at Object.module.exports.Message_Handle (D:\\SalltexDiscordBOT\\BotFiles\\Handlers\\Message.js:33:9)","service":"user-service"}
{"level":"error","message":"Call next action: [l] TypeError: Cannot read property 'type' of undefined\n    at Object.DBS.callNextAction (D:\\SalltexDiscordBOT\\BotFiles\\bot.js:127:20)\n    at Object.module.exports.Message_Handle (D:\\SalltexDiscordBOT\\BotFiles\\Handlers\\Message.js:33:9)\n    at runNextTicks (internal/process/task_queues.js:58:5)\n    at processTimers (internal/timers.js:472:9)","service":"user-service"}
{"level":"error","message":"Call next action: [l] TypeError: Cannot read property 'type' of undefined\n    at Object.DBS.callNextAction (D:\\SalltexDiscordBOT\\BotFiles\\bot.js:127:20)\n    at Object.module.exports.Message_Handle (D:\\SalltexDiscordBOT\\BotFiles\\Handlers\\Message.js:33:9)","service":"user-service"}
{"level":"error","message":"Call next action: [l] TypeError: Cannot read property 'type' of undefined\n    at Object.DBS.callNextAction (D:\\SalltexDiscordBOT\\BotFiles\\bot.js:127:20)\n    at Object.module.exports.Message_Handle (D:\\SalltexDiscordBOT\\BotFiles\\Handlers\\Message.js:33:9)","service":"user-service"}
